{"LogType":"App","Host":"localhost.localdomain","AppName":"as","Instance":"13","InputTimeStamp":"2021-11-09T09:15:24.619+07:00","Level":"debug","Message":"consign v0.1.6 Initialized in /home/telogic/ndid_phase2/ASBE-V1","Session":"common-rod"}
{"LogType":"App","Host":"localhost.localdomain","AppName":"as","Instance":"13","InputTimeStamp":"2021-11-09T09:15:24.620+07:00","Level":"debug","Message":"+ ./src/modules/ASCallback/callbackASData.js","Session":"common-rod"}
{"LogType":"App","Host":"localhost.localdomain","AppName":"as","Instance":"13","InputTimeStamp":"2021-11-09T09:15:24.620+07:00","Level":"debug","Message":"+ ./src/modules/ASCallback/callbackASError.js","Session":"common-rod"}
{"LogType":"App","Host":"localhost.localdomain","AppName":"as","Instance":"13","InputTimeStamp":"2021-11-09T09:15:24.620+07:00","Level":"debug","Message":"+ ./src/modules/ASCallback/callbackASRequestStatusUpdate.js","Session":"common-rod"}
{"LogType":"App","Host":"localhost.localdomain","AppName":"as","Instance":"13","InputTimeStamp":"2021-11-09T09:15:24.620+07:00","Level":"debug","Message":"+ ./src/modules/ASCallback/callbackASService.js","Session":"common-rod"}
{"LogType":"App","Host":"localhost.localdomain","AppName":"as","Instance":"13","InputTimeStamp":"2021-11-09T09:15:24.620+07:00","Level":"debug","Message":"+ ./src/modules/authorization/getToken.js","Session":"common-rod"}
{"LogType":"App","Host":"localhost.localdomain","AppName":"as","Instance":"13","InputTimeStamp":"2021-11-09T09:15:24.620+07:00","Level":"debug","Message":"+ ./src/modules/authorization/refreshToken.js","Session":"common-rod"}
{"LogType":"App","Host":"localhost.localdomain","AppName":"as","Instance":"13","InputTimeStamp":"2021-11-09T09:15:24.620+07:00","Level":"debug","Message":"+ ./src/services/authConfig.js","Session":"common-rod"}
{"LogType":"App","Host":"localhost.localdomain","AppName":"as","Instance":"13","InputTimeStamp":"2021-11-09T09:15:24.620+07:00","Level":"debug","Message":"+ ./src/services/authFunctions.js","Session":"common-rod"}
{"LogType":"App","Host":"localhost.localdomain","AppName":"as","Instance":"13","InputTimeStamp":"2021-11-09T09:15:24.621+07:00","Level":"debug","Message":"+ ./src/services/base64Function.js","Session":"common-rod"}
{"LogType":"App","Host":"localhost.localdomain","AppName":"as","Instance":"13","InputTimeStamp":"2021-11-09T09:15:24.621+07:00","Level":"debug","Message":"+ ./src/services/basicFunction.js","Session":"common-rod"}
{"LogType":"App","Host":"localhost.localdomain","AppName":"as","Instance":"13","InputTimeStamp":"2021-11-09T09:15:24.621+07:00","Level":"debug","Message":"+ ./src/services/enum.js","Session":"common-rod"}
{"LogType":"App","Host":"localhost.localdomain","AppName":"as","Instance":"13","InputTimeStamp":"2021-11-09T09:15:24.621+07:00","Level":"debug","Message":"+ ./src/services/hash.js","Session":"common-rod"}
{"LogType":"App","Host":"localhost.localdomain","AppName":"as","Instance":"13","InputTimeStamp":"2021-11-09T09:15:24.621+07:00","Level":"debug","Message":"+ ./src/services/loadCaCert.js","Session":"common-rod"}
{"LogType":"App","Host":"localhost.localdomain","AppName":"as","Instance":"13","InputTimeStamp":"2021-11-09T09:15:24.621+07:00","Level":"debug","Message":"+ ./src/services/mongoFunction.js","Session":"common-rod"}
{"LogType":"App","Host":"localhost.localdomain","AppName":"as","Instance":"13","InputTimeStamp":"2021-11-09T09:15:24.621+07:00","Level":"debug","Message":"+ ./src/services/tokenFunction.js","Session":"common-rod"}
{"LogType":"App","Host":"localhost.localdomain","AppName":"as","Instance":"13","InputTimeStamp":"2021-11-09T09:15:24.621+07:00","Level":"debug","Message":"+ ./src/services/validator.js","Session":"common-rod"}
{"LogType":"App","Host":"localhost.localdomain","AppName":"as","Instance":"13","InputTimeStamp":"2021-11-09T09:15:24.621+07:00","Level":"debug","Message":"+ ./src/submodules/IdentityServiceStatus.js","Session":"common-rod"}
{"LogType":"App","Host":"localhost.localdomain","AppName":"as","Instance":"13","InputTimeStamp":"2021-11-09T09:15:24.621+07:00","Level":"debug","Message":"+ ./src/submodules/buildResponse.js","Session":"common-rod"}
{"LogType":"App","Host":"localhost.localdomain","AppName":"as","Instance":"13","InputTimeStamp":"2021-11-09T09:15:24.621+07:00","Level":"debug","Message":"+ ./src/submodules/createHttpsAgent.js","Session":"common-rod"}
{"LogType":"App","Host":"localhost.localdomain","AppName":"as","Instance":"13","InputTimeStamp":"2021-11-09T09:15:24.621+07:00","Level":"debug","Message":"+ ./src/submodules/enrollInfoRetrieve.js","Session":"common-rod"}
{"LogType":"App","Host":"localhost.localdomain","AppName":"as","Instance":"13","InputTimeStamp":"2021-11-09T09:15:24.621+07:00","Level":"debug","Message":"+ ./src/submodules/generateJWT.js","Session":"common-rod"}
{"LogType":"App","Host":"localhost.localdomain","AppName":"as","Instance":"13","InputTimeStamp":"2021-11-09T09:15:24.621+07:00","Level":"debug","Message":"+ ./src/submodules/parseError.js","Session":"common-rod"}
{"LogType":"App","Host":"localhost.localdomain","AppName":"as","Instance":"13","InputTimeStamp":"2021-11-09T09:15:24.621+07:00","Level":"debug","Message":"+ ./src/submodules/validateBody.js","Session":"common-rod"}
{"LogType":"App","Host":"localhost.localdomain","AppName":"as","Instance":"13","InputTimeStamp":"2021-11-09T09:15:24.621+07:00","Level":"debug","Message":"+ ./src/submodules/validateHeader.js","Session":"common-rod"}
{"LogType":"App","Host":"localhost.localdomain","AppName":"as","Instance":"13","InputTimeStamp":"2021-11-09T09:15:24.622+07:00","Level":"debug","Message":"+ ./src/submodules/validateToken.js","Session":"common-rod"}
{"LogType":"App","Host":"localhost.localdomain","AppName":"as","Instance":"13","InputTimeStamp":"2021-11-09T09:15:24.622+07:00","Level":"debug","Message":"+ ./src/schemas/headers.js","Session":"common-rod"}
{"LogType":"App","Host":"localhost.localdomain","AppName":"as","Instance":"13","InputTimeStamp":"2021-11-09T09:15:24.622+07:00","Level":"debug","Message":"+ ./src/schemas/req/callbackASDataSchema.js","Session":"common-rod"}
{"LogType":"App","Host":"localhost.localdomain","AppName":"as","Instance":"13","InputTimeStamp":"2021-11-09T09:15:24.622+07:00","Level":"debug","Message":"+ ./src/schemas/req/callbackASErrorSchema.js","Session":"common-rod"}
{"LogType":"App","Host":"localhost.localdomain","AppName":"as","Instance":"13","InputTimeStamp":"2021-11-09T09:15:24.622+07:00","Level":"debug","Message":"+ ./src/schemas/req/callbackASRequestStatusUpdateSchema.js","Session":"common-rod"}
{"LogType":"App","Host":"localhost.localdomain","AppName":"as","Instance":"13","InputTimeStamp":"2021-11-09T09:15:24.622+07:00","Level":"debug","Message":"+ ./src/schemas/req/callbackASServiceSchema.js","Session":"common-rod"}
{"LogType":"App","Host":"localhost.localdomain","AppName":"as","Instance":"13","InputTimeStamp":"2021-11-09T09:15:24.622+07:00","Level":"debug","Message":"+ ./src/schemas/req/getTokenSchema.js","Session":"common-rod"}
{"LogType":"App","Host":"localhost.localdomain","AppName":"as","Instance":"13","InputTimeStamp":"2021-11-09T09:15:24.622+07:00","Level":"debug","Message":"+ ./src/schemas/req/refreshTokenSchema.js","Session":"common-rod"}
{"LogType":"App","Host":"localhost.localdomain","AppName":"as","Instance":"13","InputTimeStamp":"2021-11-09T09:15:24.764+07:00","Level":"debug","Message":"connecting to mongodb ip=0.0.0.0 port=27017","Session":"as"}
{"LogType":"App","Host":"localhost.localdomain","AppName":"as","Instance":"13","InputTimeStamp":"2021-11-09T09:15:24.779+07:00","Level":"info","Message":"connected to mongodb ip=0.0.0.0 port=27017 db=test opt= {\"reconnectInterval\":10000,\"connectTimeoutMS\":10000,\"useNewUrlParser\":true,\"useUnifiedTopology\":true,\"poolSize\":10} => SUCCESS","Session":"as"}
{"LogType":"App","Host":"localhost.localdomain","AppName":"as","Instance":"13","InputTimeStamp":"2021-11-09T09:15:24.779+07:00","Level":"debug","Message":"log log log","Session":"as"}
{"LogType":"App","Host":"localhost.localdomain","AppName":"as","Instance":"13","InputTimeStamp":"2021-11-09T09:15:24.780+07:00","Level":"debug","Message":"http://0.0.0.0:8101/authorization/v1/getToken","Session":"as"}
{"LogType":"App","Host":"localhost.localdomain","AppName":"as","Instance":"13","InputTimeStamp":"2021-11-09T09:15:24.783+07:00","Level":"debug","Message":"http://0.0.0.0:8102/authorization/v1/getToken","Session":"as"}
{"LogType":"App","Host":"localhost.localdomain","AppName":"as","Instance":"13","InputTimeStamp":"2021-11-09T09:15:24.784+07:00","Level":"info","Message":"URL Mapping post /authorization/v1/getToken => src.modules.authorization.getToken.js#getToken(req, res, next)","Session":"common-rod"}
{"LogType":"App","Host":"localhost.localdomain","AppName":"as","Instance":"13","InputTimeStamp":"2021-11-09T09:15:24.784+07:00","Level":"info","Message":"URL Mapping post /authorization/v1/refreshToken => src.modules.authorization.refreshToken.js#NAME(req, res, next)","Session":"common-rod"}
{"LogType":"App","Host":"localhost.localdomain","AppName":"as","Instance":"13","InputTimeStamp":"2021-11-09T09:15:24.784+07:00","Level":"info","Message":"URL Mapping post /service/:service_id => src.modules.ASCallback.callbackASService.js#NAME(req, res, next)","Session":"common-rod"}
{"LogType":"App","Host":"localhost.localdomain","AppName":"as","Instance":"13","InputTimeStamp":"2021-11-09T09:15:24.784+07:00","Level":"info","Message":"URL Mapping post /as/data => src.modules.ASCallback.callbackASData.js#NAME(req, res, next)","Session":"common-rod"}
{"LogType":"App","Host":"localhost.localdomain","AppName":"as","Instance":"13","InputTimeStamp":"2021-11-09T09:15:24.784+07:00","Level":"info","Message":"URL Mapping post /as/request_status_update => src.modules.ASCallback.callbackASRequestStatusUpdate.js#NAME(req, res, next)","Session":"common-rod"}
{"LogType":"App","Host":"localhost.localdomain","AppName":"as","Instance":"13","InputTimeStamp":"2021-11-09T09:15:24.784+07:00","Level":"info","Message":"URL Mapping post /as/error => src.modules.ASCallback.callbackASError.js#NAME(req, res, next)","Session":"common-rod"}
{"LogType":"App","Host":"localhost.localdomain","AppName":"as","Instance":"13","InputTimeStamp":"2021-11-09T09:15:24.786+07:00","Level":"info","Message":"Isn't Secure : | Port : 8103","Session":"as"}
{"LogType":"App","Host":"localhost.localdomain","AppName":"as","Instance":"13","InputTimeStamp":"2021-11-09T09:15:24.792+07:00","Level":"debug","Message":"success get token from enroll get_token","Session":"as"}
{"LogType":"App","Host":"localhost.localdomain","AppName":"as","Instance":"13","InputTimeStamp":"2021-11-09T09:15:24.793+07:00","Level":"debug","Message":"failed to get token[pidp][get_token], received status : 404","Session":"as"}
